2023-02-15T11:27:35+08:00 INFO starting service impl=multiAppConn module=proxy service=multiAppConn
2023-02-15T11:27:35+08:00 INFO starting service connection=query impl=localClient module=abci-client service=localClient
2023-02-15T11:27:35+08:00 INFO starting service connection=snapshot impl=localClient module=abci-client service=localClient
2023-02-15T11:27:35+08:00 INFO starting service connection=mempool impl=localClient module=abci-client service=localClient
2023-02-15T11:27:35+08:00 INFO starting service connection=consensus impl=localClient module=abci-client service=localClient
2023-02-15T11:27:35+08:00 INFO starting service impl=EventBus module=events service=EventBus
2023-02-15T11:27:35+08:00 INFO starting service impl=PubSub module=pubsub service=PubSub
2023-02-15T11:27:35+08:00 INFO starting service impl=IndexerService module=txindex service=IndexerService
2023-02-15T11:27:35+08:00 INFO ABCI Handshake App Info hash= height=0 module=consensus protocol-version=0 software-version=
2023-02-15T11:27:35+08:00 INFO ABCI Replay Blocks appHeight=0 module=consensus stateHeight=0 storeHeight=0
2023-02-15T11:27:35+08:00 INFO Completed ABCI Handshake - Tendermint and App are synced appHash= appHeight=0 module=consensus
2023-02-15T11:27:35+08:00 INFO Version info block=11 mode=full p2p=8 tmVersion=0.35.8
2023-02-15T11:27:35+08:00 INFO This node is a fullnode module=consensus
2023-02-15T11:27:35+08:00 INFO starting service impl=Node service=Node
2023-02-15T11:27:35+08:00 INFO p2p service legacy_enabled=false
2023-02-15T11:27:35+08:00 INFO starting service impl=router module=p2p service=router
2023-02-15T11:27:35+08:00 INFO Starting RPC HTTP server on 127.0.0.1:26657 module=rpc-server
2023-02-15T11:27:35+08:00 INFO starting router channels=402021222330386061626300 listen_addr=tcp://0.0.0.0:26659 module=p2p net_addr={"id":"b553b9224c518d905a9986f3d0e2cddba1cef961","ip":"0.0.0.0","port":26659} node_id=b553b9224c518d905a9986f3d0e2cddba1cef961
2023-02-15T11:27:35+08:00 INFO starting service impl=BlockSync module=blockchain service=BlockSync
2023/02/15 11:27:35 ListenAndServelisten tcp: address tcp/26657/S: unknown port
